<?xml version="1.0" encoding="UTF-8"?>
<!-- Generated by org.testng.reporters.JUnitReportReporter -->
<testsuite hostname="Raptor" failures="0" tests="3" name="GGroupID1.ArtifactID1.TestLogin" time="14.387" errors="0" timestamp="2022-11-15T21:50:52 IST" skipped="0">
  <testcase classname="GGroupID1.ArtifactID1.TestLogin" name="validateloginErrormassage" time="5.316"/>
  <system-out/>
  <testcase classname="GGroupID1.ArtifactID1.TestLogin" name="CheckLOgin" time="5.145"/>
  <system-out/>
  <testcase classname="GGroupID1.ArtifactID1.TestLogin" name="ErrorMassage" time="3.926"/>
  <system-out/>
</testsuite> <!-- GGroupID1.ArtifactID1.TestLogin -->
